<?xml version="1.0" encoding="UTF-8"?>
<testsuite name="com.example.SpringReact.SpringReactApplicationTests" tests="1" skipped="0" failures="0" errors="0" timestamp="2023-03-17T23:08:18" hostname="LAPTOP-AMPI097N" time="0.005">
  <properties/>
  <testcase name="contextLoads()" classname="com.example.SpringReact.SpringReactApplicationTests" time="0.005"/>
  <system-out><![CDATA[2023-03-17 18:08:18.491  INFO 18004 --- [    Test worker] .b.t.c.SpringBootTestContextBootstrapper : Neither @ContextConfiguration nor @ContextHierarchy found for test class [com.example.SpringReact.SpringReactApplicationTests], using SpringBootContextLoader
2023-03-17 18:08:18.493  INFO 18004 --- [    Test worker] o.s.t.c.support.AbstractContextLoader    : Could not detect default resource locations for test class [com.example.SpringReact.SpringReactApplicationTests]: no resource found for suffixes {-context.xml, Context.groovy}.
2023-03-17 18:08:18.494  INFO 18004 --- [    Test worker] t.c.s.AnnotationConfigContextLoaderUtils : Could not detect default configuration classes for test class [com.example.SpringReact.SpringReactApplicationTests]: SpringReactApplicationTests does not declare any static, non-private, non-final, nested classes annotated with @Configuration.
2023-03-17 18:08:18.501  INFO 18004 --- [    Test worker] .b.t.c.SpringBootTestContextBootstrapper : Found @SpringBootConfiguration com.example.SpringReact.SpringReactApplication for test class com.example.SpringReact.SpringReactApplicationTests
2023-03-17 18:08:18.504  INFO 18004 --- [    Test worker] .b.t.c.SpringBootTestContextBootstrapper : Loaded default TestExecutionListener class names from location [META-INF/spring.factories]: [org.springframework.boot.test.autoconfigure.restdocs.RestDocsTestExecutionListener, org.springframework.boot.test.autoconfigure.web.client.MockRestServiceServerResetTestExecutionListener, org.springframework.boot.test.autoconfigure.web.servlet.MockMvcPrintOnlyOnFailureTestExecutionListener, org.springframework.boot.test.autoconfigure.web.servlet.WebDriverTestExecutionListener, org.springframework.boot.test.autoconfigure.webservices.client.MockWebServiceServerTestExecutionListener, org.springframework.boot.test.mock.mockito.MockitoTestExecutionListener, org.springframework.boot.test.mock.mockito.ResetMocksTestExecutionListener, org.springframework.test.context.web.ServletTestExecutionListener, org.springframework.test.context.support.DirtiesContextBeforeModesTestExecutionListener, org.springframework.test.context.event.ApplicationEventsTestExecutionListener, org.springframework.test.context.support.DependencyInjectionTestExecutionListener, org.springframework.test.context.support.DirtiesContextTestExecutionListener, org.springframework.test.context.transaction.TransactionalTestExecutionListener, org.springframework.test.context.jdbc.SqlScriptsTestExecutionListener, org.springframework.test.context.event.EventPublishingTestExecutionListener]
2023-03-17 18:08:18.504  INFO 18004 --- [    Test worker] .b.t.c.SpringBootTestContextBootstrapper : Using TestExecutionListeners: [org.springframework.test.context.web.ServletTestExecutionListener@567baa55, org.springframework.test.context.support.DirtiesContextBeforeModesTestExecutionListener@63a9af28, org.springframework.test.context.event.ApplicationEventsTestExecutionListener@105cdf61, org.springframework.boot.test.mock.mockito.MockitoTestExecutionListener@530bd77b, org.springframework.boot.test.autoconfigure.SpringBootDependencyInjectionTestExecutionListener@58a9e64d, org.springframework.test.context.support.DirtiesContextTestExecutionListener@7657d29f, org.springframework.test.context.transaction.TransactionalTestExecutionListener@6ace3, org.springframework.test.context.jdbc.SqlScriptsTestExecutionListener@d3b0397, org.springframework.test.context.event.EventPublishingTestExecutionListener@1ab717f3, org.springframework.boot.test.autoconfigure.restdocs.RestDocsTestExecutionListener@52bcfd10, org.springframework.boot.test.autoconfigure.web.client.MockRestServiceServerResetTestExecutionListener@67683210, org.springframework.boot.test.autoconfigure.web.servlet.MockMvcPrintOnlyOnFailureTestExecutionListener@329aa2d1, org.springframework.boot.test.autoconfigure.web.servlet.WebDriverTestExecutionListener@103033fe, org.springframework.boot.test.autoconfigure.webservices.client.MockWebServiceServerTestExecutionListener@25511895, org.springframework.boot.test.mock.mockito.ResetMocksTestExecutionListener@38f569d]
]]></system-out>
  <system-err><![CDATA[]]></system-err>
</testsuite>
