<?xml version="1.0" encoding="UTF-8"?>
<testsuite name="com.example.SpringReact.service.BookServiceTest" tests="3" skipped="0" failures="0" errors="0" timestamp="2023-03-17T23:08:18" hostname="LAPTOP-AMPI097N" time="0.376">
  <properties/>
  <testcase name="create()" classname="com.example.SpringReact.service.BookServiceTest" time="0.364"/>
  <testcase name="findAll()" classname="com.example.SpringReact.service.BookServiceTest" time="0.005"/>
  <testcase name="findBook()" classname="com.example.SpringReact.service.BookServiceTest" time="0.005"/>
  <system-out><![CDATA[18:08:12.119 [Test worker] DEBUG org.springframework.test.context.BootstrapUtils - Instantiating CacheAwareContextLoaderDelegate from class [org.springframework.test.context.cache.DefaultCacheAwareContextLoaderDelegate]
18:08:12.145 [Test worker] DEBUG org.springframework.test.context.BootstrapUtils - Instantiating BootstrapContext using constructor [public org.springframework.test.context.support.DefaultBootstrapContext(java.lang.Class,org.springframework.test.context.CacheAwareContextLoaderDelegate)]
18:08:12.206 [Test worker] DEBUG org.springframework.test.context.BootstrapUtils - Instantiating TestContextBootstrapper for test class [com.example.SpringReact.service.BookServiceTest] from class [org.springframework.boot.test.context.SpringBootTestContextBootstrapper]
18:08:12.228 [Test worker] INFO org.springframework.boot.test.context.SpringBootTestContextBootstrapper - Neither @ContextConfiguration nor @ContextHierarchy found for test class [com.example.SpringReact.service.BookServiceTest], using SpringBootContextLoader
18:08:12.236 [Test worker] DEBUG org.springframework.test.context.support.AbstractContextLoader - Did not detect default resource location for test class [com.example.SpringReact.service.BookServiceTest]: class path resource [com/example/SpringReact/service/BookServiceTest-context.xml] does not exist
18:08:12.236 [Test worker] DEBUG org.springframework.test.context.support.AbstractContextLoader - Did not detect default resource location for test class [com.example.SpringReact.service.BookServiceTest]: class path resource [com/example/SpringReact/service/BookServiceTestContext.groovy] does not exist
18:08:12.237 [Test worker] INFO org.springframework.test.context.support.AbstractContextLoader - Could not detect default resource locations for test class [com.example.SpringReact.service.BookServiceTest]: no resource found for suffixes {-context.xml, Context.groovy}.
18:08:12.239 [Test worker] INFO org.springframework.test.context.support.AnnotationConfigContextLoaderUtils - Could not detect default configuration classes for test class [com.example.SpringReact.service.BookServiceTest]: BookServiceTest does not declare any static, non-private, non-final, nested classes annotated with @Configuration.
18:08:12.319 [Test worker] DEBUG org.springframework.test.context.support.ActiveProfilesUtils - Could not find an 'annotation declaring class' for annotation type [org.springframework.test.context.ActiveProfiles] and class [com.example.SpringReact.service.BookServiceTest]
18:08:12.415 [Test worker] DEBUG org.springframework.context.annotation.ClassPathScanningCandidateComponentProvider - Identified candidate component class: file [C:\Users\hasen\Downloads\DemoProject-main (1)\DemoProject-main\SpringReact\build\classes\java\main\com\example\SpringReact\SpringReactApplication.class]
18:08:12.416 [Test worker] INFO org.springframework.boot.test.context.SpringBootTestContextBootstrapper - Found @SpringBootConfiguration com.example.SpringReact.SpringReactApplication for test class com.example.SpringReact.service.BookServiceTest
18:08:12.560 [Test worker] DEBUG org.springframework.boot.test.context.SpringBootTestContextBootstrapper - @TestExecutionListeners is not present for class [com.example.SpringReact.service.BookServiceTest]: using defaults.
18:08:12.561 [Test worker] INFO org.springframework.boot.test.context.SpringBootTestContextBootstrapper - Loaded default TestExecutionListener class names from location [META-INF/spring.factories]: [org.springframework.boot.test.autoconfigure.restdocs.RestDocsTestExecutionListener, org.springframework.boot.test.autoconfigure.web.client.MockRestServiceServerResetTestExecutionListener, org.springframework.boot.test.autoconfigure.web.servlet.MockMvcPrintOnlyOnFailureTestExecutionListener, org.springframework.boot.test.autoconfigure.web.servlet.WebDriverTestExecutionListener, org.springframework.boot.test.autoconfigure.webservices.client.MockWebServiceServerTestExecutionListener, org.springframework.boot.test.mock.mockito.MockitoTestExecutionListener, org.springframework.boot.test.mock.mockito.ResetMocksTestExecutionListener, org.springframework.test.context.web.ServletTestExecutionListener, org.springframework.test.context.support.DirtiesContextBeforeModesTestExecutionListener, org.springframework.test.context.event.ApplicationEventsTestExecutionListener, org.springframework.test.context.support.DependencyInjectionTestExecutionListener, org.springframework.test.context.support.DirtiesContextTestExecutionListener, org.springframework.test.context.transaction.TransactionalTestExecutionListener, org.springframework.test.context.jdbc.SqlScriptsTestExecutionListener, org.springframework.test.context.event.EventPublishingTestExecutionListener]
18:08:12.588 [Test worker] INFO org.springframework.boot.test.context.SpringBootTestContextBootstrapper - Using TestExecutionListeners: [org.springframework.test.context.web.ServletTestExecutionListener@65aa6596, org.springframework.test.context.support.DirtiesContextBeforeModesTestExecutionListener@67389cb8, org.springframework.test.context.event.ApplicationEventsTestExecutionListener@419a20a6, org.springframework.boot.test.mock.mockito.MockitoTestExecutionListener@533377b, org.springframework.boot.test.autoconfigure.SpringBootDependencyInjectionTestExecutionListener@3383649e, org.springframework.test.context.support.DirtiesContextTestExecutionListener@10fde30a, org.springframework.test.context.transaction.TransactionalTestExecutionListener@f27ea3, org.springframework.test.context.jdbc.SqlScriptsTestExecutionListener@1ce61929, org.springframework.test.context.event.EventPublishingTestExecutionListener@346939bf, org.springframework.boot.test.autoconfigure.restdocs.RestDocsTestExecutionListener@4bf3798b, org.springframework.boot.test.autoconfigure.web.client.MockRestServiceServerResetTestExecutionListener@58670130, org.springframework.boot.test.autoconfigure.web.servlet.MockMvcPrintOnlyOnFailureTestExecutionListener@74e47444, org.springframework.boot.test.autoconfigure.web.servlet.WebDriverTestExecutionListener@9bd0fa6, org.springframework.boot.test.autoconfigure.webservices.client.MockWebServiceServerTestExecutionListener@59d2103b, org.springframework.boot.test.mock.mockito.ResetMocksTestExecutionListener@39dcf4b0]
18:08:12.594 [Test worker] DEBUG org.springframework.test.context.support.AbstractDirtiesContextTestExecutionListener - Before test class: context [DefaultTestContext@7c7d3c46 testClass = BookServiceTest, testInstance = [null], testMethod = [null], testException = [null], mergedContextConfiguration = [WebMergedContextConfiguration@24fb6a80 testClass = BookServiceTest, locations = '{}', classes = '{class com.example.SpringReact.SpringReactApplication}', contextInitializerClasses = '[]', activeProfiles = '{}', propertySourceLocations = '{}', propertySourceProperties = '{org.springframework.boot.test.context.SpringBootTestContextBootstrapper=true}', contextCustomizers = set[org.springframework.boot.test.autoconfigure.actuate.metrics.MetricsExportContextCustomizerFactory$DisableMetricExportContextCustomizer@4b40f651, org.springframework.boot.test.autoconfigure.properties.PropertyMappingContextCustomizer@0, org.springframework.boot.test.autoconfigure.web.servlet.WebDriverContextCustomizerFactory$Customizer@336f1079, org.springframework.boot.test.context.filter.ExcludeFilterContextCustomizer@4b79ac84, org.springframework.boot.test.json.DuplicateJsonObjectContextCustomizerFactory$DuplicateJsonObjectContextCustomizer@21fd5faa, org.springframework.boot.test.mock.mockito.MockitoContextCustomizer@0, org.springframework.boot.test.web.client.TestRestTemplateContextCustomizer@40db2a24, org.springframework.boot.test.context.SpringBootTestArgs@1, org.springframework.boot.test.context.SpringBootTestWebEnvironment@306f16f3], resourceBasePath = 'src/main/webapp', contextLoader = 'org.springframework.boot.test.context.SpringBootContextLoader', parent = [null]], attributes = map['org.springframework.test.context.web.ServletTestExecutionListener.activateListener' -> true]], class annotated with @DirtiesContext [false] with mode [null].
18:08:12.636 [Test worker] DEBUG org.springframework.test.context.support.TestPropertySourceUtils - Adding inlined properties to environment: {spring.jmx.enabled=false, org.springframework.boot.test.context.SpringBootTestContextBootstrapper=true}

  .   ____          _            __ _ _
 /\\ / ___'_ __ _ _(_)_ __  __ _ \ \ \ \
( ( )\___ | '_ | '_| | '_ \/ _` | \ \ \ \
 \\/  ___)| |_)| | | | | || (_| |  ) ) ) )
  '  |____| .__|_| |_|_| |_\__, | / / / /
 =========|_|==============|___/=/_/_/_/
 :: Spring Boot ::                (v2.5.5)

2023-03-17 18:08:13.081  INFO 18004 --- [    Test worker] c.e.SpringReact.service.BookServiceTest  : Starting BookServiceTest using Java 16.0.2 on LAPTOP-AMPI097N with PID 18004 (started by hasen in C:\Users\hasen\Downloads\DemoProject-main (1)\DemoProject-main\SpringReact)
2023-03-17 18:08:13.086  INFO 18004 --- [    Test worker] c.e.SpringReact.service.BookServiceTest  : No active profile set, falling back to default profiles: default
2023-03-17 18:08:13.970  INFO 18004 --- [    Test worker] .s.d.r.c.RepositoryConfigurationDelegate : Bootstrapping Spring Data JPA repositories in DEFAULT mode.
2023-03-17 18:08:14.057  INFO 18004 --- [    Test worker] .s.d.r.c.RepositoryConfigurationDelegate : Finished Spring Data repository scanning in 73 ms. Found 3 JPA repository interfaces.
2023-03-17 18:08:14.927  INFO 18004 --- [    Test worker] o.hibernate.jpa.internal.util.LogHelper  : HHH000204: Processing PersistenceUnitInfo [name: default]
2023-03-17 18:08:15.005  INFO 18004 --- [    Test worker] org.hibernate.Version                    : HHH000412: Hibernate ORM core version 5.4.32.Final
2023-03-17 18:08:15.173  INFO 18004 --- [    Test worker] o.hibernate.annotations.common.Version   : HCANN000001: Hibernate Commons Annotations {5.1.2.Final}
2023-03-17 18:08:15.349  INFO 18004 --- [    Test worker] com.zaxxer.hikari.HikariDataSource       : HikariPool-1 - Starting...
2023-03-17 18:08:15.628  INFO 18004 --- [    Test worker] com.zaxxer.hikari.HikariDataSource       : HikariPool-1 - Start completed.
2023-03-17 18:08:15.663  INFO 18004 --- [    Test worker] org.hibernate.dialect.Dialect            : HHH000400: Using dialect: org.hibernate.dialect.H2Dialect
2023-03-17 18:08:16.447  INFO 18004 --- [    Test worker] o.h.e.t.j.p.i.JtaPlatformInitiator       : HHH000490: Using JtaPlatform implementation: [org.hibernate.engine.transaction.jta.platform.internal.NoJtaPlatform]
2023-03-17 18:08:16.457  INFO 18004 --- [    Test worker] j.LocalContainerEntityManagerFactoryBean : Initialized JPA EntityManagerFactory for persistence unit 'default'
2023-03-17 18:08:17.295  WARN 18004 --- [    Test worker] JpaBaseConfiguration$JpaWebConfiguration : spring.jpa.open-in-view is enabled by default. Therefore, database queries may be performed during view rendering. Explicitly configure spring.jpa.open-in-view to disable this warning
2023-03-17 18:08:17.650  INFO 18004 --- [    Test worker] o.s.b.a.h2.H2ConsoleAutoConfiguration    : H2 console available at '/h2-console'. Database available at 'jdbc:h2:file:~/testdb'
2023-03-17 18:08:18.086  INFO 18004 --- [    Test worker] c.e.SpringReact.service.BookServiceTest  : Started BookServiceTest in 5.441 seconds (JVM running for 7.292)
J.K.Rolling
1
]]></system-out>
  <system-err><![CDATA[]]></system-err>
</testsuite>
